<?xml version="1.0" encoding="UTF-8"?>
<!-- Generated by org.testng.reporters.JUnitReportReporter -->
<testsuite skipped="0" hostname="LAPTOP-HUGAHLC1" name="com.xyz.test.firstTestNG" tests="3" failures="0" timestamp="2020-01-04T11:56:12 IST" time="23.619" errors="0">
  <testcase name="f3" time="0.003" classname="com.xyz.test.firstTestNG"/>
  <testcase name="formfilling" time="14.955" classname="com.xyz.test.firstTestNG"/>
  <testcase name="f1" time="8.661" classname="com.xyz.test.firstTestNG"/>
</testsuite> <!-- com.xyz.test.firstTestNG -->
