<?xml version="1.0" encoding="UTF-8"?>
<!-- Generated by org.testng.reporters.JUnitReportReporter -->
<testsuite skipped="0" hostname="LAPTOP-HUGAHLC1" name="com.xyz.test.MercuryTestNGTest" tests="1" failures="0" timestamp="2020-01-05T10:53:52 IST" time="4.811" errors="0">
  <testcase name="f" time="4.811" classname="com.xyz.test.MercuryTestNGTest"/>
</testsuite> <!-- com.xyz.test.MercuryTestNGTest -->
